[2020-05-19T20:22:27.517] [DEBUG] default - Add
[2020-05-19T20:22:37.468] [DEBUG] default - Add
[2020-05-19T20:22:43.084] [DEBUG] default - Add
[2020-05-19T20:22:46.993] [DEBUG] default - Add
[2020-05-19T20:22:47.481] [DEBUG] default - Add
[2020-05-19T20:22:48.080] [DEBUG] default - Add
[2020-05-19T20:22:57.620] [DEBUG] default - Add
[2020-05-19T20:23:07.523] [DEBUG] default - Add
[2020-05-19T20:23:17.530] [DEBUG] default - Add
[2020-05-19T20:23:27.539] [DEBUG] default - Add
[2020-05-19T20:23:37.629] [DEBUG] default - Add
[2020-05-19T20:23:45.930] [DEBUG] default - Add
[2020-05-19T20:23:47.548] [DEBUG] default - Add
[2020-05-19T20:23:57.551] [DEBUG] default - Add
[2020-05-19T20:24:07.560] [DEBUG] default - Add
[2020-05-19T20:24:17.571] [DEBUG] default - Add
[2020-05-19T20:25:07.632] [DEBUG] default - Add
[2020-05-19T20:25:17.604] [DEBUG] default - Add
[2020-05-19T20:25:20.719] [DEBUG] default - Add
[2020-05-19T20:25:27.610] [DEBUG] default - Add
[2020-05-19T20:25:35.842] [DEBUG] default - Add
[2020-05-19T20:25:37.620] [DEBUG] default - Add
[2020-05-19T20:25:38.686] [DEBUG] default - Add
[2020-05-19T20:25:43.859] [DEBUG] default - restore from central data base
[2020-05-19T20:25:44.047] [DEBUG] default - restore [object Object]
[2020-05-19T20:25:44.242] [DEBUG] default - restore [object Object]
[2020-05-19T20:25:44.511] [DEBUG] default - restore [object Object]
[2020-05-19T20:25:44.708] [DEBUG] default - restore [object Object]
[2020-05-19T20:25:44.841] [DEBUG] default - restore [object Object]
[2020-05-19T20:25:47.657] [DEBUG] default - Add
[2020-05-19T20:25:47.668] [DEBUG] default - Add
[2020-05-19T20:25:57.659] [DEBUG] default - Add
[2020-05-19T20:26:07.805] [DEBUG] default - Add
[2020-05-19T20:26:17.671] [DEBUG] default - Add
[2020-05-19T20:26:27.673] [DEBUG] default - Add
[2020-05-19T20:26:37.682] [DEBUG] default - Add
[2020-05-19T20:26:47.685] [DEBUG] default - Add
[2020-05-19T20:26:57.834] [DEBUG] default - Add
[2020-05-19T20:27:07.685] [DEBUG] default - Add
[2020-05-19T20:27:17.797] [DEBUG] default - Add
[2020-05-19T20:27:27.700] [DEBUG] default - Add
[2020-05-19T20:27:37.701] [DEBUG] default - Add
[2020-05-19T20:27:47.756] [DEBUG] default - Add
[2020-05-19T20:27:57.718] [DEBUG] default - Add
[2020-05-19T20:28:07.734] [DEBUG] default - Add
[2020-05-19T20:28:17.744] [DEBUG] default - Add
[2020-05-19T20:28:27.757] [DEBUG] default - Add
[2020-05-19T20:28:37.750] [DEBUG] default - Add
[2020-05-19T20:28:47.753] [DEBUG] default - Add
[2020-05-19T20:28:57.750] [DEBUG] default - Add
[2020-05-19T20:29:07.784] [DEBUG] default - Add
[2020-05-19T20:29:17.809] [DEBUG] default - Add
[2020-05-19T20:29:27.804] [DEBUG] default - Add
[2020-05-19T20:29:29.860] [DEBUG] default - Add
[2020-05-19T20:29:32.696] [DEBUG] default - Add
[2020-05-19T20:29:36.769] [DEBUG] default - Add
[2020-05-19T20:29:37.802] [DEBUG] default - Add
[2020-05-19T20:29:47.804] [DEBUG] default - Add
[2020-05-19T20:29:57.821] [DEBUG] default - Add
[2020-05-19T20:30:54.819] [DEBUG] default - Add
[2020-05-19T20:30:57.890] [DEBUG] default - Add
[2020-05-19T20:30:57.903] [DEBUG] default - Add
[2020-05-19T20:31:07.895] [DEBUG] default - Add
[2020-05-19T20:31:17.895] [DEBUG] default - Add
[2020-05-19T20:33:17.946] [DEBUG] default - truncate db
[2020-05-19T20:33:18.090] [DEBUG] default - create entity
[2020-05-19T20:33:18.096] [DEBUG] default - create entity
[2020-05-19T20:33:18.097] [DEBUG] default - create entity
[2020-05-19T20:33:18.098] [DEBUG] default - create entity
[2020-05-19T20:33:18.098] [DEBUG] default - create entity
[2020-05-19T20:33:18.099] [DEBUG] default - create entity
[2020-05-19T20:33:18.100] [DEBUG] default - create entity
[2020-05-19T20:33:18.101] [DEBUG] default - create entity
[2020-05-19T20:33:18.101] [DEBUG] default - create entity
[2020-05-19T20:33:18.102] [DEBUG] default - create entity
[2020-05-19T20:33:19.617] [DEBUG] default - Add
[2020-05-19T20:33:25.052] [DEBUG] default - Add
[2020-05-19T20:33:27.942] [DEBUG] default - Add
[2020-05-19T20:33:29.318] [DEBUG] default - Add
[2020-05-19T20:33:37.951] [DEBUG] default - Add
[2020-05-19T20:33:41.393] [DEBUG] default - Add
[2020-05-19T20:33:48.141] [DEBUG] default - Add
[2020-05-19T20:33:57.828] [DEBUG] default - Add
[2020-05-19T20:33:58.085] [DEBUG] default - Add
[2020-05-19T20:34:07.954] [DEBUG] default - Add
[2020-05-19T20:34:17.973] [DEBUG] default - Add
[2020-05-19T20:34:27.967] [DEBUG] default - Add
[2020-05-19T20:34:37.996] [DEBUG] default - Add
[2020-05-19T20:34:47.979] [DEBUG] default - Add
[2020-05-19T20:34:58.257] [DEBUG] default - Add
[2020-05-19T20:35:08.018] [DEBUG] default - Add
[2020-05-19T20:35:18.031] [DEBUG] default - Add
[2020-05-19T20:35:28.029] [DEBUG] default - Add
[2020-05-19T20:35:34.344] [DEBUG] default - Add
[2020-05-19T20:35:38.044] [DEBUG] default - Add
[2020-05-19T20:35:44.352] [DEBUG] default - Add
[2020-05-19T20:35:48.049] [DEBUG] default - Add
[2020-05-19T20:35:54.363] [DEBUG] default - Add
[2020-05-19T20:35:58.046] [DEBUG] default - Add
[2020-05-19T20:36:04.393] [DEBUG] default - Add
[2020-05-19T20:36:08.062] [DEBUG] default - Add
[2020-05-19T20:36:14.365] [DEBUG] default - Add
[2020-05-19T20:36:16.930] [DEBUG] default - Add
[2020-05-19T20:36:18.062] [DEBUG] default - Add
[2020-05-19T20:36:21.229] [DEBUG] default - restore from central data base
[2020-05-19T20:36:21.936] [DEBUG] default - restore [object Object]
[2020-05-19T20:36:22.163] [DEBUG] default - restore [object Object]
[2020-05-19T20:36:22.798] [DEBUG] default - restore [object Object]
[2020-05-19T20:36:24.875] [DEBUG] default - restore [object Object]
[2020-05-19T20:36:25.108] [DEBUG] default - restore [object Object]
[2020-05-19T20:36:25.113] [DEBUG] default - Add
[2020-05-19T20:36:25.293] [DEBUG] default - Add
[2020-05-19T20:36:28.068] [DEBUG] default - Add
[2020-05-19T20:36:34.386] [DEBUG] default - Add
[2020-05-19T20:36:38.086] [DEBUG] default - Add
[2020-05-19T20:36:44.389] [DEBUG] default - Add
[2020-05-19T20:36:48.135] [DEBUG] default - Add
[2020-05-19T20:36:54.381] [DEBUG] default - Add
[2020-05-19T20:36:58.098] [DEBUG] default - Add
[2020-05-19T20:37:04.388] [DEBUG] default - Add
[2020-05-19T20:37:08.106] [DEBUG] default - Add
[2020-05-19T20:37:14.401] [DEBUG] default - Add
[2020-05-19T20:37:18.113] [DEBUG] default - Add
[2020-05-19T20:37:24.437] [DEBUG] default - Add
[2020-05-19T20:37:28.115] [DEBUG] default - Add
[2020-05-19T20:37:34.450] [DEBUG] default - Add
[2020-05-19T20:37:38.128] [DEBUG] default - Add
[2020-05-19T20:37:44.420] [DEBUG] default - Add
[2020-05-19T20:37:48.140] [DEBUG] default - Add
[2020-05-19T20:37:54.423] [DEBUG] default - Add
[2020-05-19T20:37:58.183] [DEBUG] default - Add
[2020-05-19T20:38:04.424] [DEBUG] default - Add
[2020-05-19T20:38:08.198] [DEBUG] default - Add
[2020-05-19T20:38:14.546] [DEBUG] default - Add
[2020-05-19T20:38:18.275] [DEBUG] default - Add
[2020-05-19T20:38:24.486] [DEBUG] default - Add
[2020-05-19T20:38:28.213] [DEBUG] default - Add
[2020-05-19T20:38:34.487] [DEBUG] default - Add
[2020-05-19T20:38:38.215] [DEBUG] default - Add
[2020-05-19T20:38:44.496] [DEBUG] default - Add
[2020-05-19T20:38:48.220] [DEBUG] default - Add
[2020-05-19T20:38:54.497] [DEBUG] default - Add
[2020-05-19T20:38:58.228] [DEBUG] default - Add
[2020-05-19T20:39:04.516] [DEBUG] default - Add
[2020-05-19T20:39:08.229] [DEBUG] default - Add
[2020-05-19T20:39:14.501] [DEBUG] default - Add
[2020-05-19T20:39:18.234] [DEBUG] default - Add
[2020-05-19T20:39:24.511] [DEBUG] default - Add
[2020-05-19T20:39:28.244] [DEBUG] default - Add
[2020-05-19T20:39:34.513] [DEBUG] default - Add
[2020-05-19T20:39:38.255] [DEBUG] default - Add
[2020-05-19T20:39:44.519] [DEBUG] default - Add
[2020-05-19T20:39:48.472] [DEBUG] default - Add
[2020-05-19T20:39:54.522] [DEBUG] default - Add
[2020-05-19T20:39:58.325] [DEBUG] default - Add
[2020-05-19T20:40:04.521] [DEBUG] default - Add
[2020-05-19T20:40:08.329] [DEBUG] default - Add
[2020-05-19T20:40:14.534] [DEBUG] default - Add
[2020-05-19T20:40:18.326] [DEBUG] default - Add
[2020-05-19T20:40:24.527] [DEBUG] default - Add
[2020-05-19T20:40:28.339] [DEBUG] default - Add
[2020-05-19T20:40:32.438] [DEBUG] default - Add
[2020-05-19T20:40:34.552] [DEBUG] default - Add
[2020-05-19T20:40:38.343] [DEBUG] default - Add
[2020-05-19T20:40:44.558] [DEBUG] default - Add
[2020-05-19T20:40:48.357] [DEBUG] default - Add
[2020-05-19T20:40:54.562] [DEBUG] default - Add
[2020-05-19T20:40:58.367] [DEBUG] default - Add
[2020-05-19T20:41:04.572] [DEBUG] default - Add
[2020-05-19T20:41:08.412] [DEBUG] default - Add
[2020-05-19T20:41:14.678] [DEBUG] default - Add
[2020-05-19T20:41:18.406] [DEBUG] default - Add
[2020-05-19T20:41:24.635] [DEBUG] default - Add
[2020-05-19T20:41:28.412] [DEBUG] default - Add
[2020-05-19T20:41:34.760] [DEBUG] default - Add
[2020-05-19T20:41:38.426] [DEBUG] default - Add
[2020-05-19T20:41:44.720] [DEBUG] default - Add
[2020-05-19T20:41:48.446] [DEBUG] default - Add
[2020-05-19T20:41:54.808] [DEBUG] default - Add
[2020-05-19T20:41:58.444] [DEBUG] default - Add
[2020-05-19T20:42:04.685] [DEBUG] default - Add
[2020-05-19T20:42:08.446] [DEBUG] default - Add
[2020-05-19T20:42:14.676] [DEBUG] default - Add
[2020-05-19T20:42:18.455] [DEBUG] default - Add
[2020-05-19T20:42:24.686] [DEBUG] default - Add
[2020-05-19T20:42:28.463] [DEBUG] default - Add
[2020-05-19T20:46:30.459] [DEBUG] default - Add
[2020-05-19T20:46:44.788] [DEBUG] default - restore from central data base
[2020-05-19T20:46:44.964] [DEBUG] default - restore [object Object]
[2020-05-19T20:46:45.155] [DEBUG] default - restore [object Object]
[2020-05-19T20:46:45.336] [DEBUG] default - restore [object Object]
[2020-05-19T20:46:45.590] [DEBUG] default - restore [object Object]
[2020-05-19T20:46:45.734] [DEBUG] default - restore [object Object]
[2020-05-19T20:47:01.162] [DEBUG] default - Add
[2020-05-19T20:47:28.216] [DEBUG] default - Add
[2020-05-19T20:47:38.205] [DEBUG] default - Add
[2020-05-19T20:47:48.212] [DEBUG] default - Add
[2020-05-19T20:47:58.221] [DEBUG] default - Add
[2020-05-19T20:48:08.225] [DEBUG] default - Add
[2020-05-19T20:48:18.230] [DEBUG] default - Add
[2020-05-19T20:54:38.472] [DEBUG] default - Add
[2020-05-19T20:54:40.173] [DEBUG] default - create entity
[2020-05-19T20:54:40.177] [DEBUG] default - create entity
[2020-05-19T20:54:40.178] [DEBUG] default - create entity
[2020-05-19T20:54:40.179] [DEBUG] default - create entity
[2020-05-19T20:54:40.180] [DEBUG] default - create entity
[2020-05-19T20:54:40.857] [DEBUG] default - Add
[2020-05-19T20:54:48.443] [DEBUG] default - Add
[2020-05-19T20:54:50.181] [DEBUG] default - trancate db
[2020-05-19T20:54:52.853] [DEBUG] default - Add
[2020-05-19T20:54:55.324] [DEBUG] default - Add
[2020-05-19T20:54:58.448] [DEBUG] default - Add
[2020-05-19T20:54:59.652] [DEBUG] default - Add
[2020-05-19T20:55:00.187] [DEBUG] default - create entity
[2020-05-19T20:55:00.188] [DEBUG] default - create entity
[2020-05-19T20:55:00.189] [DEBUG] default - create entity
[2020-05-19T20:55:00.189] [DEBUG] default - create entity
[2020-05-19T20:55:00.190] [DEBUG] default - create entity
[2020-05-19T20:55:00.190] [DEBUG] default - create entity
[2020-05-19T20:55:00.191] [DEBUG] default - create entity
[2020-05-19T20:55:00.192] [DEBUG] default - create entity
[2020-05-19T20:55:00.192] [DEBUG] default - create entity
[2020-05-19T20:55:00.193] [DEBUG] default - create entity
[2020-05-19T20:55:06.142] [DEBUG] default - Add
[2020-05-19T20:55:08.457] [DEBUG] default - Add
[2020-05-19T20:55:10.187] [DEBUG] default - trancate db
[2020-05-19T20:55:18.462] [DEBUG] default - Add
[2020-05-19T20:55:20.188] [DEBUG] default - create entity
[2020-05-19T20:55:20.188] [DEBUG] default - create entity
[2020-05-19T20:55:20.189] [DEBUG] default - create entity
[2020-05-19T20:55:20.189] [DEBUG] default - create entity
[2020-05-19T20:55:20.190] [DEBUG] default - create entity
[2020-05-19T20:55:20.190] [DEBUG] default - create entity
[2020-05-19T20:55:20.191] [DEBUG] default - create entity
[2020-05-19T20:55:20.191] [DEBUG] default - create entity
[2020-05-19T20:55:20.192] [DEBUG] default - create entity
[2020-05-19T20:55:20.192] [DEBUG] default - create entity
[2020-05-19T20:55:28.468] [DEBUG] default - Add
[2020-05-19T20:55:30.198] [DEBUG] default - trancate db
[2020-05-19T20:55:34.029] [DEBUG] default - restore from central data base
[2020-05-19T20:55:34.415] [DEBUG] default - restore [object Object]
[2020-05-19T20:55:34.680] [DEBUG] default - restore [object Object]
[2020-05-19T20:55:34.961] [DEBUG] default - restore [object Object]
[2020-05-19T20:55:35.305] [DEBUG] default - restore [object Object]
[2020-05-19T20:55:35.718] [DEBUG] default - restore [object Object]
[2020-05-19T20:55:38.479] [DEBUG] default - Add
[2020-05-19T20:55:38.672] [DEBUG] default - Add
[2020-05-19T20:55:40.199] [DEBUG] default - create entity
[2020-05-19T20:55:40.199] [DEBUG] default - create entity
[2020-05-19T20:55:40.200] [DEBUG] default - create entity
[2020-05-19T20:55:40.200] [DEBUG] default - create entity
[2020-05-19T20:55:40.201] [DEBUG] default - create entity
[2020-05-19T20:55:41.753] [DEBUG] default - Add
[2020-05-19T20:55:48.530] [DEBUG] default - Add
[2020-05-19T20:55:50.214] [DEBUG] default - trancate db
[2020-05-19T20:55:58.488] [DEBUG] default - Add
[2020-05-19T20:56:00.223] [DEBUG] default - create entity
[2020-05-19T20:56:00.224] [DEBUG] default - create entity
[2020-05-19T20:56:00.225] [DEBUG] default - create entity
[2020-05-19T20:56:00.225] [DEBUG] default - create entity
[2020-05-19T20:56:00.226] [DEBUG] default - create entity
[2020-05-19T20:56:00.226] [DEBUG] default - create entity
[2020-05-19T20:56:00.226] [DEBUG] default - create entity
[2020-05-19T20:56:00.227] [DEBUG] default - create entity
[2020-05-19T20:56:00.227] [DEBUG] default - create entity
[2020-05-19T20:56:00.228] [DEBUG] default - create entity
[2020-05-19T20:56:08.492] [DEBUG] default - Add
[2020-05-19T20:56:10.223] [DEBUG] default - trancate db
[2020-05-19T20:56:18.514] [DEBUG] default - Add
[2020-05-19T20:56:20.223] [DEBUG] default - create entity
[2020-05-19T20:56:20.223] [DEBUG] default - create entity
[2020-05-19T20:56:20.224] [DEBUG] default - create entity
[2020-05-19T20:56:20.224] [DEBUG] default - create entity
[2020-05-19T20:56:20.225] [DEBUG] default - create entity
[2020-05-19T20:56:20.225] [DEBUG] default - create entity
[2020-05-19T20:56:20.225] [DEBUG] default - create entity
[2020-05-19T20:56:20.226] [DEBUG] default - create entity
[2020-05-19T20:56:20.226] [DEBUG] default - create entity
[2020-05-19T20:56:20.227] [DEBUG] default - create entity
[2020-05-19T20:56:28.517] [DEBUG] default - Add
[2020-05-19T20:56:30.244] [DEBUG] default - trancate db
[2020-05-19T20:56:38.618] [DEBUG] default - Add
[2020-05-19T20:56:40.246] [DEBUG] default - create entity
[2020-05-19T20:56:40.248] [DEBUG] default - create entity
[2020-05-19T20:56:40.248] [DEBUG] default - create entity
[2020-05-19T20:56:40.249] [DEBUG] default - create entity
[2020-05-19T20:56:40.250] [DEBUG] default - create entity
[2020-05-19T20:56:40.251] [DEBUG] default - create entity
[2020-05-19T20:56:40.251] [DEBUG] default - create entity
[2020-05-19T20:56:40.252] [DEBUG] default - create entity
[2020-05-19T20:56:40.252] [DEBUG] default - create entity
[2020-05-19T20:56:40.252] [DEBUG] default - create entity
[2020-05-19T20:56:48.543] [DEBUG] default - Add
[2020-05-19T20:56:50.248] [DEBUG] default - trancate db
[2020-05-19T20:56:58.548] [DEBUG] default - Add
[2020-05-19T20:57:00.249] [DEBUG] default - create entity
[2020-05-19T20:57:00.249] [DEBUG] default - create entity
[2020-05-19T20:57:00.250] [DEBUG] default - create entity
[2020-05-19T20:57:00.251] [DEBUG] default - create entity
[2020-05-19T20:57:00.252] [DEBUG] default - create entity
[2020-05-19T20:57:00.252] [DEBUG] default - create entity
[2020-05-19T20:57:00.253] [DEBUG] default - create entity
[2020-05-19T20:57:00.254] [DEBUG] default - create entity
[2020-05-19T20:57:00.255] [DEBUG] default - create entity
[2020-05-19T20:57:00.255] [DEBUG] default - create entity
[2020-05-19T20:57:02.025] [DEBUG] default - Add
[2020-05-19T21:05:34.701] [DEBUG] default - Add
[2020-05-19T21:05:40.620] [DEBUG] default - trancate db
[2020-05-19T21:05:50.624] [DEBUG] default - create entity
[2020-05-19T21:05:50.629] [DEBUG] default - create entity
[2020-05-19T21:05:50.629] [DEBUG] default - create entity
[2020-05-19T21:05:50.630] [DEBUG] default - create entity
[2020-05-19T21:05:50.631] [DEBUG] default - create entity
[2020-05-19T21:05:50.632] [DEBUG] default - create entity
[2020-05-19T21:05:50.632] [DEBUG] default - create entity
[2020-05-19T21:05:50.633] [DEBUG] default - create entity
[2020-05-19T21:05:50.634] [DEBUG] default - create entity
[2020-05-19T21:05:50.634] [DEBUG] default - create entity
[2020-05-19T21:05:55.712] [DEBUG] default - Add
[2020-05-19T21:06:00.625] [DEBUG] default - trancate db
[2020-05-19T21:06:05.685] [DEBUG] default - Add
[2020-05-19T21:06:10.626] [DEBUG] default - create entity
[2020-05-19T21:06:10.627] [DEBUG] default - create entity
[2020-05-19T21:06:10.627] [DEBUG] default - create entity
[2020-05-19T21:06:10.628] [DEBUG] default - create entity
[2020-05-19T21:06:10.628] [DEBUG] default - create entity
[2020-05-19T21:06:10.629] [DEBUG] default - create entity
[2020-05-19T21:06:10.629] [DEBUG] default - create entity
[2020-05-19T21:06:10.630] [DEBUG] default - create entity
[2020-05-19T21:06:10.630] [DEBUG] default - create entity
[2020-05-19T21:06:10.631] [DEBUG] default - create entity
[2020-05-19T21:06:15.696] [DEBUG] default - Add
[2020-05-19T21:06:20.665] [DEBUG] default - trancate db
[2020-05-19T21:06:21.750] [DEBUG] default - Add
[2020-05-19T21:06:24.460] [DEBUG] default - Add
[2020-05-19T21:06:25.712] [DEBUG] default - Add
[2020-05-19T21:06:30.659] [DEBUG] default - create entity
[2020-05-19T21:06:30.659] [DEBUG] default - create entity
[2020-05-19T21:06:30.660] [DEBUG] default - create entity
[2020-05-19T21:06:30.660] [DEBUG] default - create entity
[2020-05-19T21:06:30.661] [DEBUG] default - create entity
[2020-05-19T21:06:30.661] [DEBUG] default - create entity
[2020-05-19T21:06:30.662] [DEBUG] default - create entity
[2020-05-19T21:06:30.663] [DEBUG] default - create entity
[2020-05-19T21:06:30.663] [DEBUG] default - create entity
[2020-05-19T21:06:30.664] [DEBUG] default - create entity
[2020-05-19T21:06:32.414] [DEBUG] default - Add
[2020-05-19T21:06:35.726] [DEBUG] default - Add
[2020-05-19T21:06:36.224] [DEBUG] default - restore from central data base
[2020-05-19T21:06:40.661] [DEBUG] default - create entity
[2020-05-19T21:06:40.662] [DEBUG] default - create entity
[2020-05-19T21:06:40.663] [DEBUG] default - create entity
[2020-05-19T21:06:40.663] [DEBUG] default - create entity
[2020-05-19T21:06:40.664] [DEBUG] default - create entity
[2020-05-19T21:06:40.664] [DEBUG] default - create entity
[2020-05-19T21:06:40.664] [DEBUG] default - create entity
[2020-05-19T21:06:40.665] [DEBUG] default - create entity
[2020-05-19T21:06:40.665] [DEBUG] default - create entity
[2020-05-19T21:06:40.666] [DEBUG] default - create entity
[2020-05-19T21:06:42.665] [DEBUG] default - Add
[2020-05-19T21:06:45.595] [DEBUG] default - Add
[2020-05-19T21:06:45.874] [DEBUG] default - Add
[2020-05-19T21:06:50.659] [DEBUG] default - trancate db
[2020-05-19T21:06:55.724] [DEBUG] default - Add
[2020-05-19T21:07:00.660] [DEBUG] default - create entity
[2020-05-19T21:07:00.661] [DEBUG] default - create entity
[2020-05-19T21:07:00.661] [DEBUG] default - create entity
[2020-05-19T21:07:00.662] [DEBUG] default - create entity
[2020-05-19T21:07:00.662] [DEBUG] default - create entity
[2020-05-19T21:07:00.663] [DEBUG] default - create entity
[2020-05-19T21:07:00.664] [DEBUG] default - create entity
[2020-05-19T21:07:00.665] [DEBUG] default - create entity
[2020-05-19T21:07:00.665] [DEBUG] default - create entity
[2020-05-19T21:07:00.665] [DEBUG] default - create entity
[2020-05-19T21:07:05.745] [DEBUG] default - Add
[2020-05-19T21:07:10.663] [DEBUG] default - trancate db
[2020-05-19T21:07:15.740] [DEBUG] default - Add
[2020-05-19T21:07:20.664] [DEBUG] default - create entity
[2020-05-19T21:07:20.665] [DEBUG] default - create entity
[2020-05-19T21:07:20.665] [DEBUG] default - create entity
[2020-05-19T21:07:20.665] [DEBUG] default - create entity
[2020-05-19T21:07:20.666] [DEBUG] default - create entity
[2020-05-19T21:07:20.666] [DEBUG] default - create entity
[2020-05-19T21:07:20.667] [DEBUG] default - create entity
[2020-05-19T21:07:20.667] [DEBUG] default - create entity
[2020-05-19T21:07:20.668] [DEBUG] default - create entity
[2020-05-19T21:07:20.668] [DEBUG] default - create entity
[2020-05-19T21:07:24.753] [DEBUG] default - restore from central data base
[2020-05-19T21:07:24.906] [DEBUG] default - restore [object Object]
[2020-05-19T21:07:25.030] [DEBUG] default - restore [object Object]
[2020-05-19T21:07:25.163] [DEBUG] default - restore [object Object]
[2020-05-19T21:07:25.905] [DEBUG] default - Add
[2020-05-19T21:07:30.677] [DEBUG] default - create entity
[2020-05-19T21:07:30.678] [DEBUG] default - create entity
[2020-05-19T21:07:30.678] [DEBUG] default - create entity
[2020-05-19T21:07:30.678] [DEBUG] default - create entity
[2020-05-19T21:07:30.679] [DEBUG] default - create entity
[2020-05-19T21:07:30.679] [DEBUG] default - create entity
[2020-05-19T21:07:30.680] [DEBUG] default - create entity
[2020-05-19T21:07:31.513] [DEBUG] default - Add
[2020-05-19T21:07:35.774] [DEBUG] default - Add
[2020-05-19T21:07:40.676] [DEBUG] default - create entity
[2020-05-19T21:07:40.677] [DEBUG] default - create entity
[2020-05-19T21:07:45.773] [DEBUG] default - Add
[2020-05-19T21:07:50.684] [DEBUG] default - create entity
[2020-05-19T21:07:50.684] [DEBUG] default - create entity
[2020-05-19T21:07:55.769] [DEBUG] default - Add
[2020-05-20T11:35:17.553] [DEBUG] default - create entity
[2020-05-20T11:35:17.965] [DEBUG] default - create entity
[2020-05-20T11:35:37.542] [DEBUG] default - create entity
[2020-05-20T11:35:37.543] [DEBUG] default - create entity
[2020-05-20T11:35:57.546] [DEBUG] default - create entity
[2020-05-20T11:35:57.547] [DEBUG] default - create entity
[2020-05-20T11:36:17.547] [DEBUG] default - create entity
[2020-05-20T11:36:17.548] [DEBUG] default - create entity
[2020-05-20T11:36:37.645] [DEBUG] default - create entity
[2020-05-20T11:36:37.646] [DEBUG] default - create entity
[2020-05-20T11:36:57.649] [DEBUG] default - create entity
[2020-05-20T11:36:57.650] [DEBUG] default - create entity
[2020-05-20T11:37:17.651] [DEBUG] default - create entity
[2020-05-20T11:37:17.652] [DEBUG] default - create entity
[2020-05-20T11:37:37.650] [DEBUG] default - create entity
[2020-05-20T11:37:37.651] [DEBUG] default - create entity
[2020-05-20T11:37:57.653] [DEBUG] default - create entity
[2020-05-20T11:37:57.654] [DEBUG] default - create entity
[2020-05-20T11:38:17.653] [DEBUG] default - create entity
[2020-05-20T11:38:17.654] [DEBUG] default - create entity
[2020-05-20T11:38:37.653] [DEBUG] default - create entity
[2020-05-20T11:38:37.654] [DEBUG] default - create entity
[2020-05-20T11:38:57.653] [DEBUG] default - create entity
[2020-05-20T11:38:57.658] [DEBUG] default - create entity
[2020-05-20T11:39:17.657] [DEBUG] default - create entity
[2020-05-20T11:39:17.658] [DEBUG] default - create entity
[2020-05-20T11:39:37.656] [DEBUG] default - create entity
[2020-05-20T11:39:37.657] [DEBUG] default - create entity
[2020-05-20T11:39:57.692] [DEBUG] default - create entity
[2020-05-20T11:39:57.693] [DEBUG] default - create entity
[2020-05-20T11:40:17.720] [DEBUG] default - create entity
[2020-05-20T11:40:17.720] [DEBUG] default - create entity
[2020-05-20T11:40:37.719] [DEBUG] default - create entity
[2020-05-20T11:40:37.720] [DEBUG] default - create entity
[2020-05-20T11:40:57.725] [DEBUG] default - create entity
[2020-05-20T11:40:57.726] [DEBUG] default - create entity
[2020-05-20T11:41:17.764] [DEBUG] default - create entity
[2020-05-20T11:41:17.765] [DEBUG] default - create entity
[2020-05-20T11:41:37.782] [DEBUG] default - create entity
[2020-05-20T11:41:37.783] [DEBUG] default - create entity
[2020-05-20T11:41:57.805] [DEBUG] default - create entity
[2020-05-20T11:41:57.806] [DEBUG] default - create entity
[2020-05-20T11:42:17.803] [DEBUG] default - create entity
[2020-05-20T11:42:17.804] [DEBUG] default - create entity
[2020-05-20T11:42:37.810] [DEBUG] default - create entity
[2020-05-20T11:42:37.812] [DEBUG] default - create entity
[2020-05-20T11:42:57.819] [DEBUG] default - create entity
[2020-05-20T11:42:57.821] [DEBUG] default - create entity
[2020-05-20T11:43:17.824] [DEBUG] default - create entity
[2020-05-20T11:43:17.825] [DEBUG] default - create entity
[2020-05-20T11:43:37.825] [DEBUG] default - create entity
[2020-05-20T11:43:37.826] [DEBUG] default - create entity
[2020-05-20T11:43:57.829] [DEBUG] default - create entity
[2020-05-20T11:43:57.833] [DEBUG] default - create entity
[2020-05-20T11:44:17.906] [DEBUG] default - create entity
[2020-05-20T11:44:17.908] [DEBUG] default - create entity
[2020-05-20T11:44:37.906] [DEBUG] default - create entity
[2020-05-20T11:44:37.906] [DEBUG] default - create entity
[2020-05-20T11:44:57.913] [DEBUG] default - create entity
[2020-05-20T11:44:57.914] [DEBUG] default - create entity
[2020-05-20T11:45:17.914] [DEBUG] default - create entity
[2020-05-20T11:45:17.914] [DEBUG] default - create entity
[2020-05-20T11:45:37.912] [DEBUG] default - create entity
[2020-05-20T11:45:37.913] [DEBUG] default - create entity
[2020-05-20T11:45:57.918] [DEBUG] default - create entity
[2020-05-20T11:45:57.918] [DEBUG] default - create entity
[2020-05-20T11:46:17.919] [DEBUG] default - create entity
[2020-05-20T11:46:17.921] [DEBUG] default - create entity
[2020-05-20T11:46:37.919] [DEBUG] default - create entity
[2020-05-20T11:46:37.920] [DEBUG] default - create entity
[2020-05-20T11:46:57.924] [DEBUG] default - create entity
[2020-05-20T11:46:57.925] [DEBUG] default - create entity
[2020-05-20T11:47:17.955] [DEBUG] default - create entity
[2020-05-20T11:47:17.956] [DEBUG] default - create entity
[2020-05-20T11:47:38.094] [DEBUG] default - create entity
[2020-05-20T11:47:38.095] [DEBUG] default - create entity
[2020-05-20T11:47:58.098] [DEBUG] default - create entity
[2020-05-20T11:47:58.099] [DEBUG] default - create entity
[2020-05-20T11:48:18.098] [DEBUG] default - create entity
[2020-05-20T11:48:18.098] [DEBUG] default - create entity
[2020-05-20T11:48:38.099] [DEBUG] default - create entity
[2020-05-20T11:48:38.100] [DEBUG] default - create entity
[2020-05-20T11:48:58.103] [DEBUG] default - create entity
[2020-05-20T11:48:58.104] [DEBUG] default - create entity
[2020-05-20T11:49:18.106] [DEBUG] default - create entity
[2020-05-20T11:49:18.107] [DEBUG] default - create entity
[2020-05-20T11:49:38.112] [DEBUG] default - create entity
[2020-05-20T11:49:38.112] [DEBUG] default - create entity
[2020-05-20T11:49:58.116] [DEBUG] default - create entity
[2020-05-20T11:49:58.117] [DEBUG] default - create entity
[2020-05-20T11:50:18.123] [DEBUG] default - create entity
[2020-05-20T11:50:18.124] [DEBUG] default - create entity
[2020-05-20T11:50:38.220] [DEBUG] default - create entity
[2020-05-20T11:50:38.221] [DEBUG] default - create entity
[2020-05-20T11:50:58.222] [DEBUG] default - create entity
[2020-05-20T11:50:58.222] [DEBUG] default - create entity
[2020-05-20T11:51:18.262] [DEBUG] default - create entity
[2020-05-20T11:51:18.263] [DEBUG] default - create entity
[2020-05-20T11:51:38.261] [DEBUG] default - create entity
[2020-05-20T11:51:38.262] [DEBUG] default - create entity
[2020-05-20T11:51:58.274] [DEBUG] default - create entity
[2020-05-20T11:51:58.275] [DEBUG] default - create entity
[2020-05-20T11:52:18.276] [DEBUG] default - create entity
[2020-05-20T11:52:18.276] [DEBUG] default - create entity
[2020-05-20T11:52:38.301] [DEBUG] default - create entity
[2020-05-20T11:52:38.301] [DEBUG] default - create entity
[2020-05-20T11:52:58.303] [DEBUG] default - create entity
[2020-05-20T11:52:58.303] [DEBUG] default - create entity
[2020-05-20T11:53:18.303] [DEBUG] default - create entity
[2020-05-20T11:53:18.304] [DEBUG] default - create entity
[2020-05-20T11:53:38.343] [DEBUG] default - create entity
[2020-05-20T11:53:38.344] [DEBUG] default - create entity
[2020-05-20T11:53:58.354] [DEBUG] default - create entity
[2020-05-20T11:53:58.355] [DEBUG] default - create entity
[2020-05-20T11:54:18.744] [DEBUG] default - create entity
[2020-05-20T11:54:18.744] [DEBUG] default - create entity
[2020-05-20T11:54:38.523] [DEBUG] default - create entity
[2020-05-20T11:54:38.525] [DEBUG] default - create entity
[2020-05-20T11:54:58.809] [DEBUG] default - create entity
[2020-05-20T11:54:58.809] [DEBUG] default - create entity
[2020-05-20T11:55:18.852] [DEBUG] default - create entity
[2020-05-20T11:55:18.853] [DEBUG] default - create entity
[2020-05-20T11:55:38.854] [DEBUG] default - create entity
[2020-05-20T11:55:38.855] [DEBUG] default - create entity
[2020-05-20T11:55:58.903] [DEBUG] default - create entity
[2020-05-20T11:55:58.904] [DEBUG] default - create entity
[2020-05-20T11:56:18.864] [DEBUG] default - create entity
[2020-05-20T11:56:18.865] [DEBUG] default - create entity
[2020-05-20T11:56:38.864] [DEBUG] default - create entity
[2020-05-20T11:56:38.865] [DEBUG] default - create entity
[2020-05-20T11:56:58.882] [DEBUG] default - create entity
[2020-05-20T11:56:58.883] [DEBUG] default - create entity
[2020-05-20T11:57:18.869] [DEBUG] default - create entity
[2020-05-20T11:57:18.869] [DEBUG] default - create entity
[2020-05-20T11:57:38.877] [DEBUG] default - create entity
[2020-05-20T11:57:38.878] [DEBUG] default - create entity
[2020-05-20T11:57:58.401] [DEBUG] default - Add
[2020-05-20T11:57:58.882] [DEBUG] default - create entity
[2020-05-20T11:57:58.882] [DEBUG] default - create entity
[2020-05-20T11:58:18.895] [DEBUG] default - create entity
[2020-05-20T11:58:18.896] [DEBUG] default - create entity
[2020-05-20T11:58:38.905] [DEBUG] default - create entity
[2020-05-20T11:58:38.906] [DEBUG] default - create entity
[2020-05-20T11:58:58.903] [DEBUG] default - create entity
[2020-05-20T11:58:58.904] [DEBUG] default - create entity
[2020-05-20T11:59:18.924] [DEBUG] default - create entity
[2020-05-20T11:59:18.925] [DEBUG] default - create entity
[2020-05-20T11:59:38.918] [DEBUG] default - create entity
[2020-05-20T11:59:38.921] [DEBUG] default - create entity
[2020-05-20T11:59:58.918] [DEBUG] default - create entity
[2020-05-20T11:59:58.921] [DEBUG] default - create entity
[2020-05-20T12:00:18.943] [DEBUG] default - create entity
[2020-05-20T12:00:18.944] [DEBUG] default - create entity
[2020-05-20T12:00:38.943] [DEBUG] default - create entity
[2020-05-20T12:00:38.943] [DEBUG] default - create entity
[2020-05-20T12:00:58.989] [DEBUG] default - create entity
[2020-05-20T12:00:58.990] [DEBUG] default - create entity
